2021-06-11 00:39:25,547 :INFO : test_End_to_End :Homepage loaded
2021-06-11 00:39:25,753 :INFO : test_End_to_End :Searching veggies
2021-06-11 00:39:29,189 :INFO : test_End_to_End :Moving to checkout page
2021-06-11 00:39:32,291 :INFO : test_End_to_End :entered promocode
2021-06-11 00:39:32,490 :INFO : test_End_to_End :Country selected
2021-06-11 00:39:37,231 :INFO : test_End_to_End :Homepage loaded
2021-06-11 00:39:37,231 :INFO : test_End_to_End :Homepage loaded
2021-06-11 00:39:37,404 :INFO : test_End_to_End :Searching veggies
2021-06-11 00:39:37,404 :INFO : test_End_to_End :Searching veggies
2021-06-11 00:39:40,765 :INFO : test_End_to_End :Moving to checkout page
2021-06-11 00:39:40,765 :INFO : test_End_to_End :Moving to checkout page
2021-06-11 00:39:43,867 :INFO : test_End_to_End :entered promocode
2021-06-11 00:39:43,867 :INFO : test_End_to_End :entered promocode
2021-06-11 00:39:44,059 :INFO : test_End_to_End :Country selected
2021-06-11 00:39:44,059 :INFO : test_End_to_End :Country selected
2021-06-11 00:39:49,312 :INFO : test_End_to_End :Homepage loaded
2021-06-11 00:39:49,312 :INFO : test_End_to_End :Homepage loaded
2021-06-11 00:39:49,312 :INFO : test_End_to_End :Homepage loaded
2021-06-11 00:39:49,491 :INFO : test_End_to_End :Searching veggies
2021-06-11 00:39:49,491 :INFO : test_End_to_End :Searching veggies
2021-06-11 00:39:49,491 :INFO : test_End_to_End :Searching veggies
2021-06-11 00:39:52,962 :INFO : test_End_to_End :Moving to checkout page
2021-06-11 00:39:52,962 :INFO : test_End_to_End :Moving to checkout page
2021-06-11 00:39:52,962 :INFO : test_End_to_End :Moving to checkout page
2021-06-11 00:39:56,058 :INFO : test_End_to_End :entered promocode
2021-06-11 00:39:56,058 :INFO : test_End_to_End :entered promocode
2021-06-11 00:39:56,058 :INFO : test_End_to_End :entered promocode
2021-06-11 00:39:56,267 :INFO : test_End_to_End :Country selected
2021-06-11 00:39:56,267 :INFO : test_End_to_End :Country selected
2021-06-11 00:39:56,267 :INFO : test_End_to_End :Country selected
2021-06-11 00:43:33,378 :INFO : test_End_to_End :Homepage loaded
2021-06-11 00:43:33,713 :INFO : test_End_to_End :Searching veggiesber
2021-06-11 00:43:37,086 :INFO : test_End_to_End :Moving to checkout page
2021-06-11 00:43:40,187 :INFO : test_End_to_End :entered promocode
2021-06-11 00:43:40,372 :INFO : test_End_to_End :Country selected
2021-06-11 00:43:45,382 :INFO : test_End_to_End :Homepage loaded
2021-06-11 00:43:45,382 :INFO : test_End_to_End :Homepage loaded
2021-06-11 00:43:45,561 :INFO : test_End_to_End :Searching veggiesbr
2021-06-11 00:43:45,561 :INFO : test_End_to_End :Searching veggiesbr
2021-06-11 00:43:48,913 :INFO : test_End_to_End :Moving to checkout page
2021-06-11 00:43:48,913 :INFO : test_End_to_End :Moving to checkout page
2021-06-11 00:43:52,012 :INFO : test_End_to_End :entered promocode
2021-06-11 00:43:52,012 :INFO : test_End_to_End :entered promocode
2021-06-11 00:43:52,246 :INFO : test_End_to_End :Country selected
2021-06-11 00:43:52,246 :INFO : test_End_to_End :Country selected
2021-06-11 00:43:57,130 :INFO : test_End_to_End :Homepage loaded
2021-06-11 00:43:57,130 :INFO : test_End_to_End :Homepage loaded
2021-06-11 00:43:57,130 :INFO : test_End_to_End :Homepage loaded
2021-06-11 00:43:57,293 :INFO : test_End_to_End :Searching veggiesro
2021-06-11 00:43:57,293 :INFO : test_End_to_End :Searching veggiesro
2021-06-11 00:43:57,293 :INFO : test_End_to_End :Searching veggiesro
2021-06-11 00:44:00,786 :INFO : test_End_to_End :Moving to checkout page
2021-06-11 00:44:00,786 :INFO : test_End_to_End :Moving to checkout page
2021-06-11 00:44:00,786 :INFO : test_End_to_End :Moving to checkout page
2021-06-11 00:44:03,882 :INFO : test_End_to_End :entered promocode
2021-06-11 00:44:03,882 :INFO : test_End_to_End :entered promocode
2021-06-11 00:44:03,882 :INFO : test_End_to_End :entered promocode
2021-06-11 00:44:04,100 :INFO : test_End_to_End :Country selected
2021-06-11 00:44:04,100 :INFO : test_End_to_End :Country selected
2021-06-11 00:44:04,100 :INFO : test_End_to_End :Country selected
2021-06-11 01:00:53,519 :INFO : test_End_to_End :Homepage loaded
2021-06-11 01:00:53,779 :INFO : test_End_to_End :Searching veggiesber
2021-06-11 01:00:57,211 :INFO : test_End_to_End :Moving to checkout page
2021-06-11 01:01:00,348 :INFO : test_End_to_End :entered promocode
2021-06-11 01:01:00,559 :INFO : test_End_to_End :Country selected
2021-06-11 01:01:06,060 :INFO : test_End_to_End :Homepage loaded
2021-06-11 01:01:06,060 :INFO : test_End_to_End :Homepage loaded
2021-06-11 01:01:06,270 :INFO : test_End_to_End :Searching veggiesbr
2021-06-11 01:01:06,270 :INFO : test_End_to_End :Searching veggiesbr
2021-06-11 01:01:09,612 :INFO : test_End_to_End :Moving to checkout page
2021-06-11 01:01:09,612 :INFO : test_End_to_End :Moving to checkout page
2021-06-11 01:01:12,703 :INFO : test_End_to_End :entered promocode
2021-06-11 01:01:12,703 :INFO : test_End_to_End :entered promocode
2021-06-11 01:01:12,897 :INFO : test_End_to_End :Country selected
2021-06-11 01:01:12,897 :INFO : test_End_to_End :Country selected
2021-06-11 01:01:17,599 :INFO : test_End_to_End :Homepage loaded
2021-06-11 01:01:17,599 :INFO : test_End_to_End :Homepage loaded
2021-06-11 01:01:17,599 :INFO : test_End_to_End :Homepage loaded
2021-06-11 01:01:17,782 :INFO : test_End_to_End :Searching veggiesro
2021-06-11 01:01:17,782 :INFO : test_End_to_End :Searching veggiesro
2021-06-11 01:01:17,782 :INFO : test_End_to_End :Searching veggiesro
2021-06-11 01:01:21,201 :INFO : test_End_to_End :Moving to checkout page
2021-06-11 01:01:21,201 :INFO : test_End_to_End :Moving to checkout page
2021-06-11 01:01:21,201 :INFO : test_End_to_End :Moving to checkout page
2021-06-11 01:01:24,294 :INFO : test_End_to_End :entered promocode
2021-06-11 01:01:24,294 :INFO : test_End_to_End :entered promocode
2021-06-11 01:01:24,294 :INFO : test_End_to_End :entered promocode
2021-06-11 01:01:24,487 :INFO : test_End_to_End :Country selected
2021-06-11 01:01:24,487 :INFO : test_End_to_End :Country selected
2021-06-11 01:01:24,487 :INFO : test_End_to_End :Country selected
2021-06-11 01:04:32,181 :INFO : test_End_to_End :Homepage loaded
2021-06-11 01:04:32,404 :INFO : test_End_to_End :Searching veggies ber
2021-06-11 01:04:35,813 :INFO : test_End_to_End :Moving to checkout page
2021-06-11 01:04:38,911 :INFO : test_End_to_End :entered promocode
2021-06-11 01:04:39,127 :INFO : test_End_to_End :Country selected
2021-06-11 01:04:43,996 :INFO : test_End_to_End :Homepage loaded
2021-06-11 01:04:43,996 :INFO : test_End_to_End :Homepage loaded
2021-06-11 01:04:44,158 :INFO : test_End_to_End :Searching veggies br
2021-06-11 01:04:44,158 :INFO : test_End_to_End :Searching veggies br
2021-06-11 01:04:47,500 :INFO : test_End_to_End :Moving to checkout page
2021-06-11 01:04:47,500 :INFO : test_End_to_End :Moving to checkout page
2021-06-11 01:04:50,604 :INFO : test_End_to_End :entered promocode
2021-06-11 01:04:50,604 :INFO : test_End_to_End :entered promocode
2021-06-11 01:04:50,799 :INFO : test_End_to_End :Country selected
2021-06-11 01:04:50,799 :INFO : test_End_to_End :Country selected
2021-06-11 01:04:56,040 :INFO : test_End_to_End :Homepage loaded
2021-06-11 01:04:56,040 :INFO : test_End_to_End :Homepage loaded
2021-06-11 01:04:56,040 :INFO : test_End_to_End :Homepage loaded
2021-06-11 01:04:56,204 :INFO : test_End_to_End :Searching veggies ro
2021-06-11 01:04:56,204 :INFO : test_End_to_End :Searching veggies ro
2021-06-11 01:04:56,204 :INFO : test_End_to_End :Searching veggies ro
2021-06-11 01:04:59,650 :INFO : test_End_to_End :Moving to checkout page
2021-06-11 01:04:59,650 :INFO : test_End_to_End :Moving to checkout page
2021-06-11 01:04:59,650 :INFO : test_End_to_End :Moving to checkout page
2021-06-11 01:05:02,761 :INFO : test_End_to_End :entered promocode
2021-06-11 01:05:02,761 :INFO : test_End_to_End :entered promocode
2021-06-11 01:05:02,761 :INFO : test_End_to_End :entered promocode
2021-06-11 01:05:02,963 :INFO : test_End_to_End :Country selected
2021-06-11 01:05:02,963 :INFO : test_End_to_End :Country selected
2021-06-11 01:05:02,963 :INFO : test_End_to_End :Country selected
